<?xml version="1.0" encoding="UTF-8"?>
<coverage generated="1571636716558" clover="3.2.0">
  <project timestamp="1571636716558" name="All files">
    <metrics statements="1" coveredstatements="1" conditionals="0" coveredconditionals="0" methods="5" coveredmethods="1" elements="6" coveredelements="2" complexity="0" loc="1" ncloc="1" packages="1" files="1" classes="1"/>
    <file name="categories.js" path="/Users/coreymarchand/codeFellows/401/assignments/Data-Modeling-With-NoSQL-Databases/models-singular/categories.js">
      <metrics statements="1" coveredstatements="1" conditionals="0" coveredconditionals="0" methods="5" coveredmethods="1"/>
      <line num="33" count="1" type="stmt"/>
    </file>
  </project>
</coverage>
